<?xml version="1.0" encoding="UTF-8"?>
<!-- Generated by org.testng.reporters.JUnitReportReporter -->
<testsuite hostname="c26T" name="functional.Lesson3" tests="1" failures="0" timestamp="11 Feb 2015 17:49:18 GMT" time="0.008" errors="0">
  <testcase name="someTest" time="0.008" classname="functional.Lesson3"/>
</testsuite> <!-- functional.Lesson3 -->
