<?xml version="1.0" encoding="UTF-8"?>
<!-- Generated by org.testng.reporters.JUnitReportReporter -->
<testsuite hostname="c26T" name="functional.WikiTest" tests="1" failures="0" timestamp="18 Feb 2015 17:27:08 GMT" time="3.420" errors="0">
  <testcase name="testWiki" time="3.420" classname="functional.WikiTest"/>
</testsuite> <!-- functional.WikiTest -->
